Bodies with narrative >= 200 chars: 3225
Already classified (with same model): 0
  [25/3225] ok=25 parse_fail=0 call_fail=0 spent=$0.0028
  [50/3225] ok=50 parse_fail=0 call_fail=0 spent=$0.0053
  [75/3225] ok=75 parse_fail=0 call_fail=0 spent=$0.0083
  [100/3225] ok=100 parse_fail=0 call_fail=0 spent=$0.0108
  [125/3225] ok=125 parse_fail=0 call_fail=0 spent=$0.0138
  [150/3225] ok=150 parse_fail=0 call_fail=0 spent=$0.0159
  [175/3225] ok=175 parse_fail=0 call_fail=0 spent=$0.0178
  [200/3225] ok=200 parse_fail=0 call_fail=0 spent=$0.0210
  [225/3225] ok=225 parse_fail=0 call_fail=0 spent=$0.0244
  [250/3225] ok=250 parse_fail=0 call_fail=0 spent=$0.0269
  [275/3225] ok=275 parse_fail=0 call_fail=0 spent=$0.0296
  [300/3225] ok=300 parse_fail=0 call_fail=0 spent=$0.0323
  [325/3225] ok=325 parse_fail=0 call_fail=0 spent=$0.0348
  [350/3225] ok=350 parse_fail=0 call_fail=0 spent=$0.0375
  [375/3225] ok=375 parse_fail=0 call_fail=0 spent=$0.0402
  [400/3225] ok=400 parse_fail=0 call_fail=0 spent=$0.0430
  [425/3225] ok=425 parse_fail=0 call_fail=0 spent=$0.0452
  [450/3225] ok=450 parse_fail=0 call_fail=0 spent=$0.0477
  [475/3225] ok=475 parse_fail=0 call_fail=0 spent=$0.0501
  [500/3225] ok=500 parse_fail=0 call_fail=0 spent=$0.0524
  [525/3225] ok=525 parse_fail=0 call_fail=0 spent=$0.0554
  [550/3225] ok=550 parse_fail=0 call_fail=0 spent=$0.0582
  [575/3225] ok=575 parse_fail=0 call_fail=0 spent=$0.0612
  [600/3225] ok=600 parse_fail=0 call_fail=0 spent=$0.0641
  [625/3225] ok=625 parse_fail=0 call_fail=0 spent=$0.0672
  [650/3225] ok=650 parse_fail=0 call_fail=0 spent=$0.0700
  [675/3225] ok=675 parse_fail=0 call_fail=0 spent=$0.0726
  [700/3225] ok=700 parse_fail=0 call_fail=0 spent=$0.0758
  [725/3225] ok=725 parse_fail=0 call_fail=0 spent=$0.0782
  [750/3225] ok=750 parse_fail=0 call_fail=0 spent=$0.0811
  [775/3225] ok=775 parse_fail=0 call_fail=0 spent=$0.0835
  [800/3225] ok=800 parse_fail=0 call_fail=0 spent=$0.0879
  [825/3225] ok=825 parse_fail=0 call_fail=0 spent=$0.0908
  [850/3225] ok=850 parse_fail=0 call_fail=0 spent=$0.0933
  [875/3225] ok=875 parse_fail=0 call_fail=0 spent=$0.0959
  [900/3225] ok=900 parse_fail=0 call_fail=0 spent=$0.0986
  [925/3225] ok=925 parse_fail=0 call_fail=0 spent=$0.1010
  [950/3225] ok=950 parse_fail=0 call_fail=0 spent=$0.1036
  [975/3225] ok=975 parse_fail=0 call_fail=0 spent=$0.1066
  [1000/3225] ok=1000 parse_fail=0 call_fail=0 spent=$0.1095
  [1025/3225] ok=1025 parse_fail=0 call_fail=0 spent=$0.1116
  [1050/3225] ok=1050 parse_fail=0 call_fail=0 spent=$0.1144
  [1075/3225] ok=1075 parse_fail=0 call_fail=0 spent=$0.1174
  [1100/3225] ok=1100 parse_fail=0 call_fail=0 spent=$0.1199
  [1125/3225] ok=1125 parse_fail=0 call_fail=0 spent=$0.1226
  [1150/3225] ok=1150 parse_fail=0 call_fail=0 spent=$0.1257
  [1175/3225] ok=1175 parse_fail=0 call_fail=0 spent=$0.1284
  [1200/3225] ok=1200 parse_fail=0 call_fail=0 spent=$0.1307
  [1225/3225] ok=1225 parse_fail=0 call_fail=0 spent=$0.1332
  [1250/3225] ok=1250 parse_fail=0 call_fail=0 spent=$0.1355
  [1275/3225] ok=1275 parse_fail=0 call_fail=0 spent=$0.1380
  [1300/3225] ok=1300 parse_fail=0 call_fail=0 spent=$0.1408
  [1325/3225] ok=1325 parse_fail=0 call_fail=0 spent=$0.1434
  [1350/3225] ok=1350 parse_fail=0 call_fail=0 spent=$0.1458
  [1375/3225] ok=1375 parse_fail=0 call_fail=0 spent=$0.1488
  [1400/3225] ok=1400 parse_fail=0 call_fail=0 spent=$0.1516
  [1425/3225] ok=1425 parse_fail=0 call_fail=0 spent=$0.1544
  [1450/3225] ok=1450 parse_fail=0 call_fail=0 spent=$0.1571
  [1475/3225] ok=1475 parse_fail=0 call_fail=0 spent=$0.1596
  [1500/3225] ok=1500 parse_fail=0 call_fail=0 spent=$0.1622
  [1525/3225] ok=1525 parse_fail=0 call_fail=0 spent=$0.1649
  [1550/3225] ok=1550 parse_fail=0 call_fail=0 spent=$0.1677
  [1575/3225] ok=1575 parse_fail=0 call_fail=0 spent=$0.1706
  [1600/3225] ok=1600 parse_fail=0 call_fail=0 spent=$0.1730
  [1625/3225] ok=1625 parse_fail=0 call_fail=0 spent=$0.1757
  [1650/3225] ok=1650 parse_fail=0 call_fail=0 spent=$0.1785
  [1675/3225] ok=1675 parse_fail=0 call_fail=0 spent=$0.1808
  [1700/3225] ok=1700 parse_fail=0 call_fail=0 spent=$0.1835
  [1725/3225] ok=1725 parse_fail=0 call_fail=0 spent=$0.1858
  [1750/3225] ok=1750 parse_fail=0 call_fail=0 spent=$0.1881
  [1775/3225] ok=1775 parse_fail=0 call_fail=0 spent=$0.1910
  [1800/3225] ok=1800 parse_fail=0 call_fail=0 spent=$0.1936
  [1825/3225] ok=1825 parse_fail=0 call_fail=0 spent=$0.1961
  [1850/3225] ok=1850 parse_fail=0 call_fail=0 spent=$0.1987
  [1875/3225] ok=1875 parse_fail=0 call_fail=0 spent=$0.2017
  [1900/3225] ok=1900 parse_fail=0 call_fail=0 spent=$0.2042
  [1925/3225] ok=1925 parse_fail=0 call_fail=0 spent=$0.2065
  [1950/3225] ok=1950 parse_fail=0 call_fail=0 spent=$0.2090
  [1975/3225] ok=1975 parse_fail=0 call_fail=0 spent=$0.2117
  [2000/3225] ok=2000 parse_fail=0 call_fail=0 spent=$0.2146
  [2025/3225] ok=2025 parse_fail=0 call_fail=0 spent=$0.2178
  [2050/3225] ok=2050 parse_fail=0 call_fail=0 spent=$0.2208
  [2075/3225] ok=2075 parse_fail=0 call_fail=0 spent=$0.2237
  [2100/3225] ok=2100 parse_fail=0 call_fail=0 spent=$0.2264
  [2125/3225] ok=2125 parse_fail=0 call_fail=0 spent=$0.2289
  [2150/3225] ok=2150 parse_fail=0 call_fail=0 spent=$0.2324
  [2175/3225] ok=2175 parse_fail=0 call_fail=0 spent=$0.2351
  [2200/3225] ok=2200 parse_fail=0 call_fail=0 spent=$0.2382
  [2225/3225] ok=2225 parse_fail=0 call_fail=0 spent=$0.2412
  [2250/3225] ok=2250 parse_fail=0 call_fail=0 spent=$0.2437
  [2275/3225] ok=2275 parse_fail=0 call_fail=0 spent=$0.2465
  [2300/3225] ok=2300 parse_fail=0 call_fail=0 spent=$0.2491
  [2325/3225] ok=2325 parse_fail=0 call_fail=0 spent=$0.2516
  [2350/3225] ok=2350 parse_fail=0 call_fail=0 spent=$0.2543
  [2375/3225] ok=2375 parse_fail=0 call_fail=0 spent=$0.2574
  [2400/3225] ok=2400 parse_fail=0 call_fail=0 spent=$0.2602
  [2425/3225] ok=2425 parse_fail=0 call_fail=0 spent=$0.2627
  [2450/3225] ok=2450 parse_fail=0 call_fail=0 spent=$0.2655
  [2475/3225] ok=2475 parse_fail=0 call_fail=0 spent=$0.2680
  [2500/3225] ok=2500 parse_fail=0 call_fail=0 spent=$0.2707
  [2525/3225] ok=2525 parse_fail=0 call_fail=0 spent=$0.2735
  [2550/3225] ok=2550 parse_fail=0 call_fail=0 spent=$0.2763
  [2575/3225] ok=2575 parse_fail=0 call_fail=0 spent=$0.2794
  [2600/3225] ok=2600 parse_fail=0 call_fail=0 spent=$0.2826
  [2625/3225] ok=2625 parse_fail=0 call_fail=0 spent=$0.2857
  [2650/3225] ok=2650 parse_fail=0 call_fail=0 spent=$0.2887
  [2675/3225] ok=2675 parse_fail=0 call_fail=0 spent=$0.2915
  [2700/3225] ok=2700 parse_fail=0 call_fail=0 spent=$0.2944
  [2725/3225] ok=2725 parse_fail=0 call_fail=0 spent=$0.2974
  [2750/3225] ok=2750 parse_fail=0 call_fail=0 spent=$0.3005
  [2775/3225] ok=2775 parse_fail=0 call_fail=0 spent=$0.3035
  [2800/3225] ok=2800 parse_fail=0 call_fail=0 spent=$0.3063
  [2825/3225] ok=2825 parse_fail=0 call_fail=0 spent=$0.3089
  [2850/3225] ok=2850 parse_fail=0 call_fail=0 spent=$0.3115
  [2875/3225] ok=2875 parse_fail=0 call_fail=0 spent=$0.3140
  [2900/3225] ok=2900 parse_fail=0 call_fail=0 spent=$0.3165
  [2925/3225] ok=2925 parse_fail=0 call_fail=0 spent=$0.3192
  [2950/3225] ok=2950 parse_fail=0 call_fail=0 spent=$0.3219
  [2975/3225] ok=2975 parse_fail=0 call_fail=0 spent=$0.3246
  [3000/3225] ok=3000 parse_fail=0 call_fail=0 spent=$0.3274
  [3025/3225] ok=3025 parse_fail=0 call_fail=0 spent=$0.3301
  [3050/3225] ok=3050 parse_fail=0 call_fail=0 spent=$0.3331
  [3075/3225] ok=3075 parse_fail=0 call_fail=0 spent=$0.3357
  [3100/3225] ok=3100 parse_fail=0 call_fail=0 spent=$0.3383
  [3125/3225] ok=3125 parse_fail=0 call_fail=0 spent=$0.3410
  [3150/3225] ok=3150 parse_fail=0 call_fail=0 spent=$0.3436
  [3175/3225] ok=3175 parse_fail=0 call_fail=0 spent=$0.3465
  [3200/3225] ok=3200 parse_fail=0 call_fail=0 spent=$0.3493
  [3225/3225] ok=3225 parse_fail=0 call_fail=0 spent=$0.3517

DONE - ok=3225, parse_fail=0, call_fail=0, total_spent=$0.3517
Output: data\nt_classifications.jsonl
