Filings in scope: 3970 (exchange filter={'NYSE', 'Nasdaq'})
Already cached: 0
  [50/3970] fetched=50 skipped_cached=0 no_primary=0 no_narrative=0
  [100/3970] fetched=100 skipped_cached=0 no_primary=0 no_narrative=0
  [150/3970] fetched=150 skipped_cached=0 no_primary=0 no_narrative=0
  [200/3970] fetched=200 skipped_cached=0 no_primary=0 no_narrative=0
  [250/3970] fetched=250 skipped_cached=0 no_primary=0 no_narrative=0
  [300/3970] fetched=300 skipped_cached=0 no_primary=0 no_narrative=0
  [350/3970] fetched=350 skipped_cached=0 no_primary=0 no_narrative=0
  [400/3970] fetched=400 skipped_cached=0 no_primary=0 no_narrative=0
  [450/3970] fetched=450 skipped_cached=0 no_primary=0 no_narrative=0
  [500/3970] fetched=500 skipped_cached=0 no_primary=0 no_narrative=0
  [550/3970] fetched=550 skipped_cached=0 no_primary=0 no_narrative=0
  [600/3970] fetched=600 skipped_cached=0 no_primary=0 no_narrative=0
  [650/3970] fetched=650 skipped_cached=0 no_primary=0 no_narrative=0
  [700/3970] fetched=700 skipped_cached=0 no_primary=0 no_narrative=0
  [750/3970] fetched=750 skipped_cached=0 no_primary=0 no_narrative=0
  [800/3970] fetched=800 skipped_cached=0 no_primary=0 no_narrative=0
  [850/3970] fetched=850 skipped_cached=0 no_primary=0 no_narrative=0
  [900/3970] fetched=900 skipped_cached=0 no_primary=0 no_narrative=0
  [950/3970] fetched=950 skipped_cached=0 no_primary=0 no_narrative=0
  [1000/3970] fetched=1000 skipped_cached=0 no_primary=0 no_narrative=0
  [1050/3970] fetched=1050 skipped_cached=0 no_primary=0 no_narrative=0
  [1100/3970] fetched=1100 skipped_cached=0 no_primary=0 no_narrative=0
  [1150/3970] fetched=1150 skipped_cached=0 no_primary=0 no_narrative=0
  [1200/3970] fetched=1200 skipped_cached=0 no_primary=0 no_narrative=0
  [1250/3970] fetched=1250 skipped_cached=0 no_primary=0 no_narrative=0
  [1300/3970] fetched=1300 skipped_cached=0 no_primary=0 no_narrative=0
  [1350/3970] fetched=1350 skipped_cached=0 no_primary=0 no_narrative=0
  [1400/3970] fetched=1400 skipped_cached=0 no_primary=0 no_narrative=0
  [1450/3970] fetched=1450 skipped_cached=0 no_primary=0 no_narrative=0
  [1500/3970] fetched=1500 skipped_cached=0 no_primary=0 no_narrative=0
  [1550/3970] fetched=1550 skipped_cached=0 no_primary=0 no_narrative=0
  [1600/3970] fetched=1600 skipped_cached=0 no_primary=0 no_narrative=0
  [1650/3970] fetched=1650 skipped_cached=0 no_primary=0 no_narrative=0
  [1700/3970] fetched=1700 skipped_cached=0 no_primary=0 no_narrative=0
  [1750/3970] fetched=1750 skipped_cached=0 no_primary=0 no_narrative=0
  [1800/3970] fetched=1800 skipped_cached=0 no_primary=0 no_narrative=0
  [1850/3970] fetched=1850 skipped_cached=0 no_primary=0 no_narrative=0
  [1900/3970] fetched=1900 skipped_cached=0 no_primary=0 no_narrative=0
  [1950/3970] fetched=1950 skipped_cached=0 no_primary=0 no_narrative=0
  [2000/3970] fetched=2000 skipped_cached=0 no_primary=0 no_narrative=0
  [2050/3970] fetched=2050 skipped_cached=0 no_primary=0 no_narrative=0
  [2100/3970] fetched=2100 skipped_cached=0 no_primary=0 no_narrative=0
  [2150/3970] fetched=2150 skipped_cached=0 no_primary=0 no_narrative=0
  [2200/3970] fetched=2200 skipped_cached=0 no_primary=0 no_narrative=0
  [2250/3970] fetched=2250 skipped_cached=0 no_primary=0 no_narrative=0
  [2300/3970] fetched=2300 skipped_cached=0 no_primary=0 no_narrative=0
  [2350/3970] fetched=2350 skipped_cached=0 no_primary=0 no_narrative=0
  [2400/3970] fetched=2400 skipped_cached=0 no_primary=0 no_narrative=0
  [2450/3970] fetched=2450 skipped_cached=0 no_primary=0 no_narrative=0
  [2500/3970] fetched=2500 skipped_cached=0 no_primary=0 no_narrative=0
  [2550/3970] fetched=2550 skipped_cached=0 no_primary=0 no_narrative=0
  [2600/3970] fetched=2600 skipped_cached=0 no_primary=0 no_narrative=0
  [2650/3970] fetched=2650 skipped_cached=0 no_primary=0 no_narrative=0
  [2700/3970] fetched=2700 skipped_cached=0 no_primary=0 no_narrative=0
  [2750/3970] fetched=2750 skipped_cached=0 no_primary=0 no_narrative=0
  [2800/3970] fetched=2800 skipped_cached=0 no_primary=0 no_narrative=0
  [2850/3970] fetched=2850 skipped_cached=0 no_primary=0 no_narrative=0
  [2900/3970] fetched=2900 skipped_cached=0 no_primary=0 no_narrative=0
  [2950/3970] fetched=2950 skipped_cached=0 no_primary=0 no_narrative=0
  [3000/3970] fetched=3000 skipped_cached=0 no_primary=0 no_narrative=0
  [3050/3970] fetched=3050 skipped_cached=0 no_primary=0 no_narrative=0
  [3100/3970] fetched=3100 skipped_cached=0 no_primary=0 no_narrative=0
  [3150/3970] fetched=3150 skipped_cached=0 no_primary=0 no_narrative=0
  [3200/3970] fetched=3200 skipped_cached=0 no_primary=0 no_narrative=1
  [3250/3970] fetched=3250 skipped_cached=0 no_primary=0 no_narrative=1
  [3300/3970] fetched=3300 skipped_cached=0 no_primary=0 no_narrative=1
  [3350/3970] fetched=3350 skipped_cached=0 no_primary=0 no_narrative=1
  [3400/3970] fetched=3400 skipped_cached=0 no_primary=0 no_narrative=1
  [3450/3970] fetched=3450 skipped_cached=0 no_primary=0 no_narrative=1
  [3500/3970] fetched=3500 skipped_cached=0 no_primary=0 no_narrative=1
  [3550/3970] fetched=3550 skipped_cached=0 no_primary=0 no_narrative=1
  [3600/3970] fetched=3600 skipped_cached=0 no_primary=0 no_narrative=1
  [3650/3970] fetched=3650 skipped_cached=0 no_primary=0 no_narrative=1
  [3700/3970] fetched=3700 skipped_cached=0 no_primary=0 no_narrative=1
  [3750/3970] fetched=3750 skipped_cached=0 no_primary=0 no_narrative=1
  [3800/3970] fetched=3800 skipped_cached=0 no_primary=0 no_narrative=1
  [3850/3970] fetched=3850 skipped_cached=0 no_primary=0 no_narrative=1
  [3900/3970] fetched=3900 skipped_cached=0 no_primary=0 no_narrative=1
  [3950/3970] fetched=3950 skipped_cached=0 no_primary=0 no_narrative=1
  [3970/3970] fetched=3970 skipped_cached=0 no_primary=0 no_narrative=1

DONE - fetched 3970, skipped (cached) 0, no_primary 0, no_narrative 1
Output: data\nt_bodies.jsonl
